2021-08-10 10:28:12,667 - INFO ->	Excel filename : SC-list - Copy.xlsxhas been opened.
2021-08-10 10:28:12,669 - INFO ->	Data have been gotten (188 lists).
2021-08-10 10:28:12,670 - INFO ->	folder location : C:\Users\jirameth.k\OneDrive - TESM\Desktop\DS-DZ Modify/Output/HMI-20210810-102812/3900/ was created
2021-08-10 10:28:12,685 - INFO ->	st.3900 - picture name : 1390100101 has been added DS logo.
2021-08-10 10:28:12,697 - INFO ->	st.3900 - picture name : 1390100102 has been added DS logo.
2021-08-10 10:28:12,710 - INFO ->	st.3900 - picture name : 1390100103 has been added DS logo.
2021-08-10 10:28:12,722 - INFO ->	st.3900 - picture name : 1390100104 has been added DS logo.
2021-08-10 10:28:12,732 - INFO ->	st.3900 - picture name : 1390100105 has been added DS logo.
2021-08-10 10:28:12,744 - INFO ->	st.3900 - picture name : 1390100106 has been added DS logo.
2021-08-10 10:28:12,755 - INFO ->	st.3900 - picture name : 1390100107 has been added DS logo.
2021-08-10 10:28:12,767 - INFO ->	st.3900 - picture name : 1390100108 has been added DS logo.
2021-08-10 10:28:12,778 - INFO ->	st.3900 - picture name : 1390100109 has been added DS logo.
2021-08-10 10:28:12,789 - INFO ->	st.3900 - picture name : 1390100110 has been added DS logo.
2021-08-10 10:28:12,803 - INFO ->	st.3900 - picture name : 1390100111 has been added DS logo.
2021-08-10 10:28:12,817 - INFO ->	st.3900 - picture name : 1390100112 has been added DS logo.
2021-08-10 10:28:12,828 - INFO ->	st.3900 - picture name : 1390100113 has been added DS logo.
2021-08-10 10:28:12,842 - INFO ->	st.3900 - picture name : 1390100114 has been added DS logo.
2021-08-10 10:28:12,855 - INFO ->	st.3900 - picture name : 1390100115 has been added DS logo.
2021-08-10 10:28:12,868 - INFO ->	st.3900 - picture name : 1390100116 has been added DS logo.
2021-08-10 10:28:12,884 - INFO ->	st.3900 - picture name : 1390100117 has been added DS logo.
2021-08-10 10:28:12,896 - INFO ->	st.3900 - picture name : 1390100118 has been added DS logo.
2021-08-10 10:28:12,909 - INFO ->	st.3900 - picture name : 1390100119 has been added DS logo.
2021-08-10 10:28:12,922 - INFO ->	st.3900 - picture name : 1390100120 has been added DS logo.
2021-08-10 10:28:12,937 - INFO ->	st.3900 - picture name : 1390100121 has been added DS logo.
2021-08-10 10:28:12,950 - INFO ->	st.3900 - picture name : 1390100122 has been added DS logo.
2021-08-10 10:28:12,963 - INFO ->	st.3900 - picture name : 1390100123 has been added DS logo.
2021-08-10 10:28:12,977 - INFO ->	st.3900 - picture name : 1390100124 has been added DS logo.
2021-08-10 10:28:12,990 - INFO ->	st.3900 - picture name : 1390100125 has been added DS logo.
2021-08-10 10:28:13,004 - INFO ->	st.3900 - picture name : 1390100126 has been added DS logo.
2021-08-10 10:28:13,018 - INFO ->	st.3900 - picture name : 1390100127 has been added DS logo.
2021-08-10 10:28:13,032 - INFO ->	st.3900 - picture name : 1390100128 has been added DS logo.
2021-08-10 10:28:13,045 - INFO ->	st.3900 - picture name : 1390100129 has been added DS logo.
2021-08-10 10:28:13,059 - INFO ->	st.3900 - picture name : 1390100130 has been added DS logo.
2021-08-10 10:28:13,073 - INFO ->	st.3900 - picture name : 1390100131 has been added DS logo.
2021-08-10 10:28:13,086 - INFO ->	st.3900 - picture name : 1390100132 has been added DS logo.
2021-08-10 10:28:13,100 - INFO ->	st.3900 - picture name : 1390100133 has been added DS logo.
2021-08-10 10:28:13,114 - INFO ->	st.3900 - picture name : 1390100134 has been added DS logo.
2021-08-10 10:28:13,126 - INFO ->	st.3900 - picture name : 1390100135 has been added DS logo.
2021-08-10 10:28:13,138 - INFO ->	st.3900 - picture name : 1390100136 has been added DS logo.
2021-08-10 10:28:13,150 - INFO ->	st.3900 - picture name : 1390100137 has been added DS logo.
2021-08-10 10:28:13,164 - INFO ->	st.3900 - picture name : 1390100138 has been added DS logo.
2021-08-10 10:28:13,177 - INFO ->	st.3900 - picture name : 1390100139 has been added DS logo.
2021-08-10 10:28:13,191 - INFO ->	st.3900 - picture name : 1390100140 has been added DS logo.
2021-08-10 10:28:13,207 - INFO ->	st.3900 - picture name : 1390100141 has been added DS logo.
2021-08-10 10:28:13,220 - INFO ->	st.3900 - picture name : 1390100142 has been added DS logo.
2021-08-10 10:28:13,236 - INFO ->	st.3900 - picture name : 1390100143 has been added DS logo.
2021-08-10 10:28:13,248 - INFO ->	st.3900 - picture name : 1390100144 has been added DS logo.
2021-08-10 10:28:13,262 - INFO ->	st.3900 - picture name : 1390100145 has been added DS logo.
2021-08-10 10:28:13,278 - INFO ->	st.3900 - picture name : 1390100146 has been added DS logo.
2021-08-10 10:28:13,303 - INFO ->	st.3900 - picture name : 1390100147 has been added DS logo.
2021-08-10 10:28:13,317 - INFO ->	st.3900 - picture name : 1390100148 has been added DS logo.
2021-08-10 10:28:13,330 - INFO ->	st.3900 - picture name : 1390100149 has been added DS logo.
2021-08-10 10:28:13,342 - INFO ->	st.3900 - picture name : 1390100150 has been added DS logo.
2021-08-10 10:28:13,359 - INFO ->	st.3900 - picture name : 1390100151 has been added DS logo.
2021-08-10 10:28:13,376 - INFO ->	st.3900 - picture name : 1390100152 has been added DS logo.
2021-08-10 10:28:13,392 - INFO ->	st.3900 - picture name : 1390100153 has been added DS logo.
2021-08-10 10:28:13,408 - INFO ->	st.3900 - picture name : 1390100154 has been added DS logo.
2021-08-10 10:28:13,423 - INFO ->	st.3900 - picture name : 1390100155 has been added DS logo.
2021-08-10 10:28:13,437 - INFO ->	st.3900 - picture name : 1390100156 has been added DS logo.
2021-08-10 10:28:13,454 - INFO ->	st.3900 - picture name : 1390100157 has been added DS logo.
2021-08-10 10:28:13,471 - INFO ->	st.3900 - picture name : 1390100158 has been added DS logo.
2021-08-10 10:28:13,487 - INFO ->	st.3900 - picture name : 1390100159 has been added DS logo.
2021-08-10 10:28:13,504 - INFO ->	st.3900 - picture name : 1390100160 has been added DS logo.
2021-08-10 10:28:13,523 - INFO ->	st.3900 - picture name : 1390100161 has been added DS logo.
2021-08-10 10:28:13,540 - INFO ->	st.3900 - picture name : 1390100162 has been added DS logo.
2021-08-10 10:28:13,557 - INFO ->	st.3900 - picture name : 1390100163 has been added DS logo.
2021-08-10 10:28:13,572 - INFO ->	st.3900 - picture name : 1390100164 has been added DS logo.
2021-08-10 10:28:13,590 - INFO ->	st.3900 - picture name : 1390100165 has been added DS logo.
2021-08-10 10:28:13,606 - INFO ->	st.3900 - picture name : 1390100166 has been added DS logo.
2021-08-10 10:28:13,622 - INFO ->	st.3900 - picture name : 1390100167 has been added DS logo.
2021-08-10 10:28:13,639 - INFO ->	st.3900 - picture name : 1390100168 has been added DS logo.
2021-08-10 10:28:13,655 - INFO ->	st.3900 - picture name : 1390100169 has been added DS logo.
2021-08-10 10:28:13,671 - INFO ->	st.3900 - picture name : 1390100170 has been added DS logo.
2021-08-10 10:28:13,685 - INFO ->	st.3900 - picture name : 1390100171 has been added DS logo.
2021-08-10 10:28:13,702 - INFO ->	st.3900 - picture name : 1390100172 has been added DS logo.
2021-08-10 10:28:13,721 - INFO ->	st.3900 - picture name : 1390100173 has been added DS logo.
2021-08-10 10:28:13,738 - INFO ->	st.3900 - picture name : 1390100174 has been added DS logo.
2021-08-10 10:28:13,757 - INFO ->	st.3900 - picture name : 1390100175 has been added DS logo.
2021-08-10 10:28:13,774 - INFO ->	st.3900 - picture name : 1390100176 has been added DS logo.
2021-08-10 10:28:13,791 - INFO ->	st.3900 - picture name : 1390100177 has been added DS logo.
2021-08-10 10:28:13,810 - INFO ->	st.3900 - picture name : 1390100178 has been added DS logo.
2021-08-10 10:28:13,828 - INFO ->	st.3900 - picture name : 1390100179 has been added DS logo.
2021-08-10 10:28:13,848 - INFO ->	st.3900 - picture name : 1390100180 has been added DS logo.
2021-08-10 10:28:13,865 - INFO ->	st.3900 - picture name : 1390100181 has been added DS logo.
2021-08-10 10:28:13,884 - INFO ->	st.3900 - picture name : 1390100182 has been added DS logo.
2021-08-10 10:28:13,908 - INFO ->	st.3900 - picture name : 1390100183 has been added DS logo.
2021-08-10 10:28:13,926 - INFO ->	st.3900 - picture name : 1390100184 has been added DS logo.
2021-08-10 10:28:13,960 - INFO ->	st.3900 - picture name : 1390100185 has been added DS logo.
2021-08-10 10:28:14,086 - INFO ->	st.3900 - picture name : 1390100186 has been added DS logo.
2021-08-10 10:28:14,181 - INFO ->	st.3900 - picture name : 1390100187 has been added DS logo.
2021-08-10 10:28:14,211 - INFO ->	st.3900 - picture name : 1390100188 has been added DS logo.
2021-08-10 10:28:14,246 - INFO ->	st.3900 - picture name : 1390100189 has been added DS logo.
2021-08-10 10:28:14,274 - INFO ->	st.3900 - picture name : 1390100190 has been added DS logo.
2021-08-10 10:28:14,306 - INFO ->	st.3900 - picture name : 1390100191 has been added DS logo.
2021-08-10 10:28:14,336 - INFO ->	st.3900 - picture name : 1390100192 has been added DS logo.
2021-08-10 10:28:14,368 - INFO ->	st.3900 - picture name : 1390100193 has been added DS logo.
2021-08-10 10:28:14,396 - INFO ->	st.3900 - picture name : 1390100194 has been added DS logo.
2021-08-10 10:28:14,418 - INFO ->	st.3900 - picture name : 1390100195 has been added DS logo.
2021-08-10 10:28:14,440 - INFO ->	st.3900 - picture name : 1390100196 has been added DS logo.
2021-08-10 10:28:14,459 - INFO ->	st.3900 - picture name : 1390100201 has been added DS logo.
2021-08-10 10:28:14,478 - INFO ->	st.3900 - picture name : 1390100202 has been added DS logo.
2021-08-10 10:28:14,498 - INFO ->	st.3900 - picture name : 1390100203 has been added DS logo.
2021-08-10 10:28:14,518 - INFO ->	st.3900 - picture name : 1390100204 has been added DS logo.
2021-08-10 10:28:14,542 - INFO ->	st.3900 - picture name : 1390100205 has been added DS logo.
2021-08-10 10:28:14,567 - INFO ->	st.3900 - picture name : 1390100206 has been added DS logo.
2021-08-10 10:28:14,586 - INFO ->	st.3900 - picture name : 1390100207 has been added DS logo.
2021-08-10 10:28:14,604 - INFO ->	st.3900 - picture name : 1390100208 has been added DS logo.
2021-08-10 10:28:14,625 - INFO ->	st.3900 - picture name : 1390100209 has been added DS logo.
2021-08-10 10:28:14,642 - INFO ->	st.3900 - picture name : 1390100210 has been added DS logo.
2021-08-10 10:28:14,657 - INFO ->	st.3900 - picture name : 1390100211 has been added DS logo.
2021-08-10 10:28:14,674 - INFO ->	st.3900 - picture name : 1390100212 has been added DS logo.
2021-08-10 10:28:14,691 - INFO ->	st.3900 - picture name : 1390100213 has been added DS logo.
2021-08-10 10:28:14,705 - INFO ->	st.3900 - picture name : 1390100214 has been added DS logo.
2021-08-10 10:28:14,721 - INFO ->	st.3900 - picture name : 1390100215 has been added DS logo.
2021-08-10 10:28:14,741 - INFO ->	st.3900 - picture name : 1390100216 has been added DS logo.
2021-08-10 10:28:14,760 - INFO ->	st.3900 - picture name : 1390100217 has been added DS logo.
2021-08-10 10:28:14,777 - INFO ->	st.3900 - picture name : 1390100218 has been added DS logo.
2021-08-10 10:28:14,795 - INFO ->	st.3900 - picture name : 1390100219 has been added DS logo.
2021-08-10 10:28:14,810 - INFO ->	st.3900 - picture name : 1390100220 has been added DS logo.
2021-08-10 10:28:14,826 - INFO ->	st.3900 - picture name : 1390100221 has been added DS logo.
2021-08-10 10:28:14,843 - INFO ->	st.3900 - picture name : 1390100222 has been added DS logo.
2021-08-10 10:28:14,861 - INFO ->	st.3900 - picture name : 1390100223 has been added DS logo.
2021-08-10 10:28:14,879 - INFO ->	st.3900 - picture name : 1390100224 has been added DS logo.
2021-08-10 10:28:14,897 - INFO ->	st.3900 - picture name : 1390100225 has been added DS logo.
2021-08-10 10:28:14,915 - INFO ->	st.3900 - picture name : 1390100226 has been added DS logo.
2021-08-10 10:28:14,934 - INFO ->	st.3900 - picture name : 1390100227 has been added DS logo.
2021-08-10 10:28:15,011 - INFO ->	st.3900 - picture name : 1390100228 has been added DS logo.
2021-08-10 10:28:15,078 - INFO ->	st.3900 - picture name : 1390100229 has been added DS logo.
2021-08-10 10:28:15,134 - INFO ->	st.3900 - picture name : 1390100230 has been added DS logo.
2021-08-10 10:28:15,169 - INFO ->	st.3900 - picture name : 1390100231 has been added DS logo.
2021-08-10 10:28:15,202 - INFO ->	st.3900 - picture name : 1390100232 has been added DS logo.
2021-08-10 10:28:15,246 - INFO ->	st.3900 - picture name : 1390100233 has been added DS logo.
2021-08-10 10:28:15,283 - INFO ->	st.3900 - picture name : 1390100234 has been added DS logo.
2021-08-10 10:28:15,316 - INFO ->	st.3900 - picture name : 1390100235 has been added DS logo.
2021-08-10 10:28:15,338 - INFO ->	st.3900 - picture name : 1390100236 has been added DS logo.
2021-08-10 10:28:15,360 - INFO ->	st.3900 - picture name : 1390100237 has been added DS logo.
2021-08-10 10:28:15,385 - INFO ->	st.3900 - picture name : 1390100238 has been added DS logo.
2021-08-10 10:28:15,407 - INFO ->	st.3900 - picture name : 1390100239 has been added DS logo.
2021-08-10 10:28:15,432 - INFO ->	st.3900 - picture name : 1390100240 has been added DS logo.
2021-08-10 10:28:15,451 - INFO ->	st.3900 - picture name : 1390100241 has been added DS logo.
2021-08-10 10:28:15,473 - INFO ->	st.3900 - picture name : 1390100242 has been added DS logo.
2021-08-10 10:28:15,495 - INFO ->	st.3900 - picture name : 1390100243 has been added DS logo.
2021-08-10 10:28:15,517 - INFO ->	st.3900 - picture name : 1390100244 has been added DS logo.
2021-08-10 10:28:15,538 - INFO ->	st.3900 - picture name : 1390100245 has been added DS logo.
2021-08-10 10:28:15,559 - INFO ->	st.3900 - picture name : 1390100246 has been added DS logo.
2021-08-10 10:28:15,579 - INFO ->	st.3900 - picture name : 1390100247 has been added DS logo.
2021-08-10 10:28:15,598 - INFO ->	st.3900 - picture name : 1390100248 has been added DS logo.
2021-08-10 10:28:15,618 - INFO ->	st.3900 - picture name : 1390100249 has been added DS logo.
2021-08-10 10:28:15,634 - INFO ->	st.3900 - picture name : 1390100250 has been added DS logo.
2021-08-10 10:28:15,657 - INFO ->	st.3900 - picture name : 1390100251 has been added DS logo.
2021-08-10 10:28:15,677 - INFO ->	st.3900 - picture name : 1390100252 has been added DS logo.
2021-08-10 10:28:15,697 - INFO ->	st.3900 - picture name : 1390100253 has been added DS logo.
2021-08-10 10:28:15,716 - INFO ->	st.3900 - picture name : 1390100254 has been added DS logo.
2021-08-10 10:28:15,737 - INFO ->	st.3900 - picture name : 1390100255 has been added DS logo.
2021-08-10 10:28:15,755 - INFO ->	st.3900 - picture name : 1390100256 has been added DS logo.
2021-08-10 10:28:15,773 - INFO ->	st.3900 - picture name : 1390100257 has been added DS logo.
2021-08-10 10:28:15,794 - INFO ->	st.3900 - picture name : 1390100258 has been added DS logo.
2021-08-10 10:28:15,811 - INFO ->	st.3900 - picture name : 1390100259 has been added DS logo.
2021-08-10 10:28:15,831 - INFO ->	st.3900 - picture name : 1390100260 has been added DS logo.
2021-08-10 10:28:15,853 - INFO ->	st.3900 - picture name : 1390100261 has been added DS logo.
2021-08-10 10:28:15,883 - INFO ->	st.3900 - picture name : 1390100262 has been added DS logo.
2021-08-10 10:28:15,898 - INFO ->	st.3900 - picture name : 1390100263 has been added DS logo.
2021-08-10 10:28:15,912 - INFO ->	st.3900 - picture name : 1390100264 has been added DS logo.
2021-08-10 10:28:15,925 - INFO ->	st.3900 - picture name : 1390100265 has been added DS logo.
2021-08-10 10:28:15,938 - INFO ->	st.3900 - picture name : 1390100266 has been added DS logo.
2021-08-10 10:28:15,954 - INFO ->	st.3900 - picture name : 1390100267 has been added DS logo.
2021-08-10 10:28:15,967 - INFO ->	st.3900 - picture name : 1390100268 has been added DS logo.
2021-08-10 10:28:15,980 - INFO ->	st.3900 - picture name : 1390100269 has been added DS logo.
2021-08-10 10:28:15,996 - INFO ->	st.3900 - picture name : 1390100270 has been added DS logo.
2021-08-10 10:28:16,011 - INFO ->	st.3900 - picture name : 1390100271 has been added DS logo.
2021-08-10 10:28:16,027 - INFO ->	st.3900 - picture name : 1390100272 has been added DS logo.
2021-08-10 10:28:16,043 - INFO ->	st.3900 - picture name : 1390100273 has been added DS logo.
2021-08-10 10:28:16,058 - INFO ->	st.3900 - picture name : 1390100274 has been added DS logo.
2021-08-10 10:28:16,072 - INFO ->	st.3900 - picture name : 1390100275 has been added DS logo.
2021-08-10 10:28:16,089 - INFO ->	st.3900 - picture name : 1390100276 has been added DS logo.
2021-08-10 10:28:16,104 - INFO ->	st.3900 - picture name : 1390100277 has been added DS logo.
2021-08-10 10:28:16,119 - INFO ->	st.3900 - picture name : 1390100278 has been added DS logo.
2021-08-10 10:28:16,134 - INFO ->	st.3900 - picture name : 1390100279 has been added DS logo.
2021-08-10 10:28:16,150 - INFO ->	st.3900 - picture name : 1390100280 has been added DS logo.
2021-08-10 10:28:16,164 - INFO ->	st.3900 - picture name : 1390100281 has been added DS logo.
2021-08-10 10:28:16,182 - INFO ->	st.3900 - picture name : 1390100282 has been added DS logo.
2021-08-10 10:28:16,198 - INFO ->	st.3900 - picture name : 1390100283 has been added DS logo.
2021-08-10 10:28:16,212 - INFO ->	st.3900 - picture name : 1390100284 has been added DS logo.
2021-08-10 10:28:16,228 - INFO ->	st.3900 - picture name : 1390100285 has been added DS logo.
2021-08-10 10:28:16,242 - INFO ->	st.3900 - picture name : 1390100286 has been added DS logo.
2021-08-10 10:28:16,256 - INFO ->	st.3900 - picture name : 1390100287 has been added DS logo.
2021-08-10 10:28:16,270 - INFO ->	st.3900 - picture name : 1390100288 has been added DS logo.
2021-08-10 10:28:16,284 - INFO ->	st.3900 - picture name : 1390100289 has been added DS logo.
2021-08-10 10:28:16,300 - INFO ->	st.3900 - picture name : 1390100290 has been added DS logo.
2021-08-10 10:28:16,314 - INFO ->	st.3900 - picture name : 1390100291 has been added DS logo.
2021-08-10 10:28:16,330 - INFO ->	st.3900 - picture name : 1390100292 has been added DS logo.
2021-08-10 10:28:16,330 - INFO ->	Running script finished
