2021-08-09 14:03:45,197 - INFO ->	Excel filename : SC-list.xlsxhas been opened.
2021-08-09 14:03:45,198 - INFO ->	Data have been gotten (161 lists).
2021-08-09 14:03:45,198 - INFO ->	folder location : C:\Users\jirameth.k\OneDrive - TESM\Desktop\DS-DZ Modify/Output/HMI-20210809-140345/2800/ was created
2021-08-09 14:03:45,214 - INFO ->	st.2800 - picture name : 1280601001 has been added DS logo.
2021-08-09 14:03:45,227 - INFO ->	st.2800 - picture name : 1280600102 has been added DS logo.
2021-08-09 14:03:45,244 - INFO ->	st.2800 - picture name : 1280600103 has been added DS logo.
2021-08-09 14:03:45,271 - INFO ->	st.2800 - picture name : 1280600104 has been added DS logo.
2021-08-09 14:03:45,284 - INFO ->	st.2800 - picture name : 1281000101 has been added DS logo.
2021-08-09 14:03:45,295 - INFO ->	st.2800 - picture name : 1281000102 has been added DS logo.
2021-08-09 14:03:45,310 - INFO ->	st.2800 - picture name : 1281000103 has been added DS logo.
2021-08-09 14:03:45,332 - INFO ->	st.2800 - picture name : 1281000105 has been added DS logo.
2021-08-09 14:03:45,334 - INFO ->	folder location : C:\Users\jirameth.k\OneDrive - TESM\Desktop\DS-DZ Modify/Output/HMI-20210809-140345/3200/ was created
2021-08-09 14:03:45,351 - INFO ->	st.3200 - picture name : 1325500000 has been added DS logo.
2021-08-09 14:03:45,367 - INFO ->	st.3200 - picture name : 1323810000 has been added DS logo.
2021-08-09 14:03:45,384 - INFO ->	st.3200 - picture name : 1324200001 has been added DS logo.
2021-08-09 14:03:45,399 - INFO ->	st.3200 - picture name : 1324200002 has been added DS logo.
2021-08-09 14:03:45,417 - INFO ->	st.3200 - picture name : 1324800001 has been added DS logo.
2021-08-09 14:03:45,431 - INFO ->	st.3200 - picture name : 1324800002 has been added DS logo.
2021-08-09 14:03:45,447 - INFO ->	st.3200 - picture name : 1323600000 has been added DS logo.
2021-08-09 14:03:45,461 - INFO ->	st.3200 - picture name : 1325400001 has been added DS logo.
2021-08-09 14:03:45,479 - INFO ->	st.3200 - picture name : 1325400002 has been added DS logo.
2021-08-09 14:03:45,480 - INFO ->	folder location : C:\Users\jirameth.k\OneDrive - TESM\Desktop\DS-DZ Modify/Output/HMI-20210809-140345/3600/ was created
2021-08-09 14:03:45,495 - INFO ->	st.3600 - picture name : 1361100101 has been added DS logo.
2021-08-09 14:03:45,511 - INFO ->	st.3600 - picture name : 1361100102 has been added DS logo.
2021-08-09 14:03:45,524 - INFO ->	st.3600 - picture name : 1361100103 has been added DS logo.
2021-08-09 14:03:45,538 - INFO ->	st.3600 - picture name : 1361100104 has been added DS logo.
2021-08-09 14:03:45,555 - INFO ->	st.3600 - picture name : 1361300101 has been added DS logo.
2021-08-09 14:03:45,570 - INFO ->	st.3600 - picture name : 1361300102 has been added DS logo.
2021-08-09 14:03:45,585 - INFO ->	st.3600 - picture name : 1361300103 has been added DS logo.
2021-08-09 14:03:45,602 - INFO ->	st.3600 - picture name : 1361300104 has been added DS logo.
2021-08-09 14:03:45,615 - INFO ->	st.3600 - picture name : 1361300105 has been added DS logo.
2021-08-09 14:03:45,629 - INFO ->	st.3600 - picture name : 1361300106 has been added DS logo.
2021-08-09 14:03:45,644 - INFO ->	st.3600 - picture name : 1361300107 has been added DS logo.
2021-08-09 14:03:45,660 - INFO ->	st.3600 - picture name : 1361300108 has been added DS logo.
2021-08-09 14:03:45,674 - INFO ->	st.3600 - picture name : 1361300109 has been added DS logo.
2021-08-09 14:03:45,690 - INFO ->	st.3600 - picture name : 1361300110 has been added DS logo.
2021-08-09 14:03:45,707 - INFO ->	st.3600 - picture name : 1361300111 has been added DS logo.
2021-08-09 14:03:45,721 - INFO ->	st.3600 - picture name : 1361300112 has been added DS logo.
2021-08-09 14:03:45,736 - INFO ->	st.3600 - picture name : 1361300113 has been added DS logo.
2021-08-09 14:03:45,754 - INFO ->	st.3600 - picture name : 1361300114 has been added DS logo.
2021-08-09 14:03:45,775 - INFO ->	st.3600 - picture name : 1361300115 has been added DS logo.
2021-08-09 14:03:45,793 - INFO ->	st.3600 - picture name : 1361300116 has been added DS logo.
2021-08-09 14:03:45,808 - INFO ->	st.3600 - picture name : 1361300117 has been added DS logo.
2021-08-09 14:03:45,822 - INFO ->	st.3600 - picture name : 1361300118 has been added DS logo.
2021-08-09 14:03:45,834 - INFO ->	st.3600 - picture name : 1361300119 has been added DS logo.
2021-08-09 14:03:45,849 - INFO ->	st.3600 - picture name : 1361300120 has been added DS logo.
2021-08-09 14:03:45,862 - INFO ->	st.3600 - picture name : 1361300121 has been added DS logo.
2021-08-09 14:03:45,878 - INFO ->	st.3600 - picture name : 1361300122 has been added DS logo.
2021-08-09 14:03:45,891 - INFO ->	st.3600 - picture name : 1361300123 has been added DS logo.
2021-08-09 14:03:45,904 - INFO ->	st.3600 - picture name : 1361300124 has been added DS logo.
2021-08-09 14:03:45,918 - INFO ->	st.3600 - picture name : 1361300125 has been added DS logo.
2021-08-09 14:03:45,936 - INFO ->	st.3600 - picture name : 1361300126 has been added DS logo.
2021-08-09 14:03:45,951 - INFO ->	st.3600 - picture name : 1361300127 has been added DS logo.
2021-08-09 14:03:45,968 - INFO ->	st.3600 - picture name : 1361300128 has been added DS logo.
2021-08-09 14:03:45,983 - INFO ->	st.3600 - picture name : 1361300129 has been added DS logo.
2021-08-09 14:03:46,000 - INFO ->	st.3600 - picture name : 1361300130 has been added DS logo.
2021-08-09 14:03:46,017 - INFO ->	st.3600 - picture name : 1361300131 has been added DS logo.
2021-08-09 14:03:46,033 - INFO ->	st.3600 - picture name : 1361300132 has been added DS logo.
2021-08-09 14:03:46,050 - INFO ->	st.3600 - picture name : 1361300133 has been added DS logo.
2021-08-09 14:03:46,067 - INFO ->	st.3600 - picture name : 1361300134 has been added DS logo.
2021-08-09 14:03:46,082 - INFO ->	st.3600 - picture name : 1361300135 has been added DS logo.
2021-08-09 14:03:46,098 - INFO ->	st.3600 - picture name : 1361300136 has been added DS logo.
2021-08-09 14:03:46,115 - INFO ->	st.3600 - picture name : 1361300137 has been added DS logo.
2021-08-09 14:03:46,129 - INFO ->	st.3600 - picture name : 1361300138 has been added DS logo.
2021-08-09 14:03:46,144 - INFO ->	st.3600 - picture name : 1361300139 has been added DS logo.
2021-08-09 14:03:46,160 - INFO ->	st.3600 - picture name : 1361300140 has been added DS logo.
2021-08-09 14:03:46,176 - INFO ->	st.3600 - picture name : 1361300141 has been added DS logo.
2021-08-09 14:03:46,193 - INFO ->	st.3600 - picture name : 1361300142 has been added DS logo.
2021-08-09 14:03:46,207 - INFO ->	st.3600 - picture name : 1361300143 has been added DS logo.
2021-08-09 14:03:46,225 - INFO ->	st.3600 - picture name : 1361300144 has been added DS logo.
2021-08-09 14:03:46,385 - INFO ->	st.3600 - picture name : 1361300145 has been added DS logo.
2021-08-09 14:03:46,491 - INFO ->	st.3600 - picture name : 1361300146 has been added DS logo.
2021-08-09 14:03:46,514 - INFO ->	st.3600 - picture name : 1361300147 has been added DS logo.
2021-08-09 14:03:46,563 - INFO ->	st.3600 - picture name : 1361300148 has been added DS logo.
2021-08-09 14:03:46,578 - INFO ->	st.3600 - picture name : 1361300149 has been added DS logo.
2021-08-09 14:03:46,603 - INFO ->	st.3600 - picture name : 1361300150 has been added DS logo.
2021-08-09 14:03:46,621 - INFO ->	st.3600 - picture name : 1361400101 has been added DS logo.
2021-08-09 14:03:46,657 - INFO ->	st.3600 - picture name : 1361400102 has been added DS logo.
2021-08-09 14:03:46,691 - INFO ->	Handing error - 'NoneType' object has no attribute 'shape'. Could not find photo on this path (HMI-photo/3600/1361400104.jpg)
2021-08-09 14:03:51,061 - INFO ->	st.3600 - picture name : 1361400104 is not found
2021-08-09 14:03:51,090 - INFO ->	st.3600 - picture name : 1361400105 has been added DS logo.
2021-08-09 14:03:51,107 - INFO ->	st.3600 - picture name : 1361400106 has been added DS logo.
2021-08-09 14:03:51,133 - INFO ->	st.3600 - picture name : 1361400107 has been added DS logo.
2021-08-09 14:03:51,150 - INFO ->	st.3600 - picture name : 1361400108 has been added DS logo.
2021-08-09 14:03:51,166 - INFO ->	st.3600 - picture name : 1361400109 has been added DS logo.
2021-08-09 14:03:51,185 - INFO ->	st.3600 - picture name : 1361400110 has been added DS logo.
2021-08-09 14:03:51,204 - INFO ->	st.3600 - picture name : 1361400111 has been added DS logo.
2021-08-09 14:03:51,221 - INFO ->	st.3600 - picture name : 1361400112 has been added DS logo.
2021-08-09 14:03:51,238 - INFO ->	st.3600 - picture name : 1361400113 has been added DS logo.
2021-08-09 14:03:51,252 - INFO ->	st.3600 - picture name : 1361400114 has been added DS logo.
2021-08-09 14:03:51,270 - INFO ->	st.3600 - picture name : 1361400115 has been added DS logo.
2021-08-09 14:03:51,289 - INFO ->	st.3600 - picture name : 1361400116 has been added DS logo.
2021-08-09 14:03:51,305 - INFO ->	st.3600 - picture name : 1361400117 has been added DS logo.
2021-08-09 14:03:51,321 - INFO ->	st.3600 - picture name : 1361400118 has been added DS logo.
2021-08-09 14:03:51,333 - INFO ->	st.3600 - picture name : 1361400119 has been added DS logo.
2021-08-09 14:03:51,350 - INFO ->	st.3600 - picture name : 1361400120 has been added DS logo.
2021-08-09 14:03:51,365 - INFO ->	st.3600 - picture name : 1361400121 has been added DS logo.
2021-08-09 14:03:51,380 - INFO ->	st.3600 - picture name : 1361400122 has been added DS logo.
2021-08-09 14:03:51,395 - INFO ->	st.3600 - picture name : 1361400123 has been added DS logo.
2021-08-09 14:03:51,410 - INFO ->	st.3600 - picture name : 1361400124 has been added DS logo.
2021-08-09 14:03:51,424 - INFO ->	st.3600 - picture name : 1361400125 has been added DS logo.
2021-08-09 14:03:51,443 - INFO ->	st.3600 - picture name : 1361400126 has been added DS logo.
2021-08-09 14:03:51,460 - INFO ->	st.3600 - picture name : 1361400127 has been added DS logo.
2021-08-09 14:03:51,476 - INFO ->	st.3600 - picture name : 1361400128 has been added DS logo.
2021-08-09 14:03:51,655 - INFO ->	st.3600 - picture name : 1361400129 has been added DS logo.
2021-08-09 14:03:51,711 - INFO ->	st.3600 - picture name : 1361400130 has been added DS logo.
2021-08-09 14:03:51,747 - INFO ->	st.3600 - picture name : 1361400131 has been added DS logo.
2021-08-09 14:03:51,798 - INFO ->	st.3600 - picture name : 1361400132 has been added DS logo.
2021-08-09 14:03:51,852 - INFO ->	st.3600 - picture name : 1361400133 has been added DS logo.
2021-08-09 14:03:51,882 - INFO ->	st.3600 - picture name : 1361400134 has been added DS logo.
2021-08-09 14:03:51,921 - INFO ->	st.3600 - picture name : 1361400135 has been added DS logo.
2021-08-09 14:03:51,948 - INFO ->	st.3600 - picture name : 1361400137 has been added DS logo.
2021-08-09 14:03:51,968 - INFO ->	st.3600 - picture name : 1361400138 has been added DS logo.
2021-08-09 14:03:51,989 - INFO ->	st.3600 - picture name : 1361400139 has been added DS logo.
2021-08-09 14:03:52,011 - INFO ->	st.3600 - picture name : 1361400140 has been added DS logo.
2021-08-09 14:03:52,031 - INFO ->	st.3600 - picture name : 1361400141 has been added DS logo.
2021-08-09 14:03:52,053 - INFO ->	st.3600 - picture name : 1361400142 has been added DS logo.
2021-08-09 14:03:52,074 - INFO ->	st.3600 - picture name : 1361400143 has been added DS logo.
2021-08-09 14:03:52,096 - INFO ->	st.3600 - picture name : 1361400144 has been added DS logo.
2021-08-09 14:03:52,115 - INFO ->	st.3600 - picture name : 1361400145 has been added DS logo.
2021-08-09 14:03:52,134 - INFO ->	st.3600 - picture name : 1361400146 has been added DS logo.
2021-08-09 14:03:52,154 - INFO ->	st.3600 - picture name : 1361400147 has been added DS logo.
2021-08-09 14:03:52,174 - INFO ->	st.3600 - picture name : 1361400148 has been added DS logo.
2021-08-09 14:03:52,193 - INFO ->	st.3600 - picture name : 1361400149 has been added DS logo.
2021-08-09 14:03:52,212 - INFO ->	st.3600 - picture name : 1361400150 has been added DS logo.
2021-08-09 14:03:52,214 - INFO ->	folder location : C:\Users\jirameth.k\OneDrive - TESM\Desktop\DS-DZ Modify/Output/HMI-20210809-140345/3700/ was created
2021-08-09 14:03:52,232 - INFO ->	st.3700 - picture name : 373001001 has been added DS logo.
2021-08-09 14:03:52,250 - INFO ->	st.3700 - picture name : 373001002 has been added DS logo.
2021-08-09 14:03:52,269 - INFO ->	st.3700 - picture name : 373001003 has been added DS logo.
2021-08-09 14:03:52,285 - INFO ->	st.3700 - picture name : 373001004 has been added DS logo.
2021-08-09 14:03:52,302 - INFO ->	st.3700 - picture name : 373001005 has been added DS logo.
2021-08-09 14:03:52,320 - INFO ->	st.3700 - picture name : 373001006 has been added DS logo.
2021-08-09 14:03:52,336 - INFO ->	st.3700 - picture name : 373001007 has been added DS logo.
2021-08-09 14:03:52,352 - INFO ->	st.3700 - picture name : 373001008 has been added DS logo.
2021-08-09 14:03:52,367 - INFO ->	st.3700 - picture name : 373001009 has been added DS logo.
2021-08-09 14:03:52,382 - INFO ->	st.3700 - picture name : 373001010 has been added DS logo.
2021-08-09 14:03:52,394 - INFO ->	st.3700 - picture name : 373001011 has been added DS logo.
2021-08-09 14:03:52,412 - INFO ->	st.3700 - picture name : 373001012 has been added DS logo.
2021-08-09 14:03:52,425 - INFO ->	st.3700 - picture name : 373001013 has been added DS logo.
2021-08-09 14:03:52,440 - INFO ->	st.3700 - picture name : 373001014 has been added DS logo.
2021-08-09 14:03:52,454 - INFO ->	st.3700 - picture name : 373001015 has been added DS logo.
2021-08-09 14:03:52,470 - INFO ->	st.3700 - picture name : 373001016 has been added DS logo.
2021-08-09 14:03:52,485 - INFO ->	st.3700 - picture name : 373001017 has been added DS logo.
2021-08-09 14:03:52,514 - INFO ->	st.3700 - picture name : 373001018 has been added DS logo.
2021-08-09 14:03:52,533 - INFO ->	st.3700 - picture name : 373001019 has been added DS logo.
2021-08-09 14:03:52,705 - INFO ->	st.3700 - picture name : 373001020 has been added DS logo.
2021-08-09 14:03:52,723 - INFO ->	st.3700 - picture name : 373001021 has been added DS logo.
2021-08-09 14:03:52,770 - INFO ->	st.3700 - picture name : 373001022 has been added DS logo.
2021-08-09 14:03:52,803 - INFO ->	st.3700 - picture name : 373001023 has been added DS logo.
2021-08-09 14:03:52,844 - INFO ->	st.3700 - picture name : 373001024 has been added DS logo.
2021-08-09 14:03:52,863 - INFO ->	st.3700 - picture name : 373001025 has been added DS logo.
2021-08-09 14:03:52,912 - INFO ->	st.3700 - picture name : 373001026 has been added DS logo.
2021-08-09 14:03:52,939 - INFO ->	st.3700 - picture name : 373002001 has been added DS logo.
2021-08-09 14:03:52,967 - INFO ->	st.3700 - picture name : 373002002 has been added DS logo.
2021-08-09 14:03:52,998 - INFO ->	st.3700 - picture name : 373003001 has been added DS logo.
2021-08-09 14:03:53,039 - INFO ->	st.3700 - picture name : 373003002 has been added DS logo.
2021-08-09 14:03:53,093 - INFO ->	st.3700 - picture name : 373003003 has been added DS logo.
2021-08-09 14:03:53,160 - INFO ->	st.3700 - picture name : 373003004 has been added DS logo.
2021-08-09 14:03:53,232 - INFO ->	st.3700 - picture name : 373003005 has been added DS logo.
2021-08-09 14:03:53,252 - INFO ->	st.3700 - picture name : 373003006 has been added DS logo.
2021-08-09 14:03:53,270 - INFO ->	st.3700 - picture name : 373003007 has been added DS logo.
2021-08-09 14:03:53,296 - INFO ->	st.3700 - picture name : 373003008 has been added DS logo.
2021-08-09 14:03:53,323 - INFO ->	st.3700 - picture name : 373003009 has been added DS logo.
2021-08-09 14:03:53,342 - INFO ->	st.3700 - picture name : 373003010 has been added DS logo.
2021-08-09 14:03:53,346 - INFO ->	folder location : C:\Users\jirameth.k\OneDrive - TESM\Desktop\DS-DZ Modify/Output/HMI-20210809-140345/4100/ was created
2021-08-09 14:03:53,372 - INFO ->	st.4100 - picture name : 1413500000 has been added DZ logo.
2021-08-09 14:03:53,389 - INFO ->	st.4100 - picture name : 1412500000 has been added DZ logo.
2021-08-09 14:03:53,418 - INFO ->	st.4100 - picture name : 1412600000 has been added DZ logo.
2021-08-09 14:03:53,447 - INFO ->	st.4100 - picture name : 1412700000 has been added DZ logo.
2021-08-09 14:03:53,447 - INFO ->	Running script finished
